build/app/intermediates/manifest_merge_blame_file/debug/manifest-merger-blame-debug-report.txt
1<?xml version="1.0" encoding="utf-8"?>
2<manifest xmlns:android="http://schemas.android.com/apk/res/android"
3    package="com.example.mr_driver_app"
4    android:versionCode="1"
5    android:versionName="1.0.0" >
6
7    <uses-sdk
8        android:minSdkVersion="21"
9        android:targetSdkVersion="34" />
10    <!--
11         The INTERNET permission is required for development. Specifically,
12         the Flutter tool needs it to communicate with the running application
13         to allow setting breakpoints, to provide hot reload, etc.
14    -->
15    <uses-permission android:name="android.permission.INTERNET" />
15-->src/debug/AndroidManifest.xml:6:5-66
15-->src/debug/AndroidManifest.xml:6:22-64
16    <!--
17     Required to query activities that can process text, see:
18         https://developer.android.com/training/package-visibility and
19         https://developer.android.com/reference/android/content/Intent#ACTION_PROCESS_TEXT.
20
21         In particular, this is used by the Flutter engine in io.flutter.plugin.text.ProcessTextPlugin.
22    -->
23    <queries>
23-->src/main/AndroidManifest.xml:39:5-44:15
24        <intent>
24-->src/main/AndroidManifest.xml:40:9-43:18
25            <action android:name="android.intent.action.PROCESS_TEXT" />
25-->src/main/AndroidManifest.xml:41:13-72
25-->src/main/AndroidManifest.xml:41:21-70
26
27            <data android:mimeType="text/plain" />
27-->src/main/AndroidManifest.xml:42:13-50
27-->src/main/AndroidManifest.xml:42:19-48
28        </intent>
29        <!-- Needs to be explicitly declared on Android R+ -->
30        <package android:name="com.google.android.apps.maps" />
30-->[com.google.android.gms:play-services-maps:18.2.0] AndroidManifest.xml:33:9-64
30-->[com.google.android.gms:play-services-maps:18.2.0] AndroidManifest.xml:33:18-61
31    </queries>
32
33    <uses-permission android:name="android.permission.CAMERA" />
33-->[:camera_android] AndroidManifest.xml:9:5-65
33-->[:camera_android] AndroidManifest.xml:9:22-62
34    <uses-permission android:name="android.permission.RECORD_AUDIO" />
34-->[:camera_android] AndroidManifest.xml:10:5-71
34-->[:camera_android] AndroidManifest.xml:10:22-68
35    <uses-permission android:name="android.permission.ACCESS_NETWORK_STATE" />
35-->[:connectivity] AndroidManifest.xml:9:5-79
35-->[:connectivity] AndroidManifest.xml:9:22-76
36    <uses-permission android:name="android.permission.VIBRATE" />
36-->[:scan] AndroidManifest.xml:12:5-66
36-->[:scan] AndroidManifest.xml:12:22-63
37
38    <uses-feature
38-->[com.google.android.gms:play-services-maps:18.2.0] AndroidManifest.xml:26:5-28:35
39        android:glEsVersion="0x00020000"
39-->[com.google.android.gms:play-services-maps:18.2.0] AndroidManifest.xml:27:9-41
40        android:required="true" />
40-->[com.google.android.gms:play-services-maps:18.2.0] AndroidManifest.xml:28:9-32
41
42    <permission
42-->[androidx.core:core:1.13.0] AndroidManifest.xml:22:5-24:47
43        android:name="com.example.mr_driver_app.DYNAMIC_RECEIVER_NOT_EXPORTED_PERMISSION"
43-->[androidx.core:core:1.13.0] AndroidManifest.xml:23:9-81
44        android:protectionLevel="signature" />
44-->[androidx.core:core:1.13.0] AndroidManifest.xml:24:9-44
45
46    <uses-permission android:name="com.example.mr_driver_app.DYNAMIC_RECEIVER_NOT_EXPORTED_PERMISSION" /> <!-- for android -->
46-->[androidx.core:core:1.13.0] AndroidManifest.xml:26:5-97
46-->[androidx.core:core:1.13.0] AndroidManifest.xml:26:22-94
47    <!-- <uses-permission android:name="com.android.launcher.permission.READ_SETTINGS"/> -->
48    <!-- <uses-permission android:name="com.android.launcher.permission.WRITE_SETTINGS"/> -->
49    <!-- <uses-permission android:name="com.android.launcher.permission.INSTALL_SHORTCUT" /> -->
50    <!-- <uses-permission android:name="com.android.launcher.permission.UNINSTALL_SHORTCUT" /> -->
51    <!-- for Samsung -->
52    <uses-permission android:name="com.sec.android.provider.badge.permission.READ" />
52-->[me.leolin:ShortcutBadger:1.1.22] AndroidManifest.xml:19:5-86
52-->[me.leolin:ShortcutBadger:1.1.22] AndroidManifest.xml:19:22-83
53    <uses-permission android:name="com.sec.android.provider.badge.permission.WRITE" /> <!-- for htc -->
53-->[me.leolin:ShortcutBadger:1.1.22] AndroidManifest.xml:20:5-87
53-->[me.leolin:ShortcutBadger:1.1.22] AndroidManifest.xml:20:22-84
54    <uses-permission android:name="com.htc.launcher.permission.READ_SETTINGS" />
54-->[me.leolin:ShortcutBadger:1.1.22] AndroidManifest.xml:23:5-81
54-->[me.leolin:ShortcutBadger:1.1.22] AndroidManifest.xml:23:22-78
55    <uses-permission android:name="com.htc.launcher.permission.UPDATE_SHORTCUT" /> <!-- for sony -->
55-->[me.leolin:ShortcutBadger:1.1.22] AndroidManifest.xml:24:5-83
55-->[me.leolin:ShortcutBadger:1.1.22] AndroidManifest.xml:24:22-80
56    <uses-permission android:name="com.sonyericsson.home.permission.BROADCAST_BADGE" />
56-->[me.leolin:ShortcutBadger:1.1.22] AndroidManifest.xml:27:5-88
56-->[me.leolin:ShortcutBadger:1.1.22] AndroidManifest.xml:27:22-85
57    <uses-permission android:name="com.sonymobile.home.permission.PROVIDER_INSERT_BADGE" /> <!-- for apex -->
57-->[me.leolin:ShortcutBadger:1.1.22] AndroidManifest.xml:28:5-92
57-->[me.leolin:ShortcutBadger:1.1.22] AndroidManifest.xml:28:22-89
58    <uses-permission android:name="com.anddoes.launcher.permission.UPDATE_COUNT" /> <!-- for solid -->
58-->[me.leolin:ShortcutBadger:1.1.22] AndroidManifest.xml:31:5-84
58-->[me.leolin:ShortcutBadger:1.1.22] AndroidManifest.xml:31:22-81
59    <uses-permission android:name="com.majeur.launcher.permission.UPDATE_BADGE" /> <!-- for huawei -->
59-->[me.leolin:ShortcutBadger:1.1.22] AndroidManifest.xml:34:5-83
59-->[me.leolin:ShortcutBadger:1.1.22] AndroidManifest.xml:34:22-80
60    <uses-permission android:name="com.huawei.android.launcher.permission.CHANGE_BADGE" />
60-->[me.leolin:ShortcutBadger:1.1.22] AndroidManifest.xml:37:5-91
60-->[me.leolin:ShortcutBadger:1.1.22] AndroidManifest.xml:37:22-88
61    <uses-permission android:name="com.huawei.android.launcher.permission.READ_SETTINGS" />
61-->[me.leolin:ShortcutBadger:1.1.22] AndroidManifest.xml:38:5-92
61-->[me.leolin:ShortcutBadger:1.1.22] AndroidManifest.xml:38:22-89
62    <uses-permission android:name="com.huawei.android.launcher.permission.WRITE_SETTINGS" /> <!-- for ZUK -->
62-->[me.leolin:ShortcutBadger:1.1.22] AndroidManifest.xml:39:5-93
62-->[me.leolin:ShortcutBadger:1.1.22] AndroidManifest.xml:39:22-90
63    <uses-permission android:name="android.permission.READ_APP_BADGE" /> <!-- for OPPO -->
63-->[me.leolin:ShortcutBadger:1.1.22] AndroidManifest.xml:42:5-73
63-->[me.leolin:ShortcutBadger:1.1.22] AndroidManifest.xml:42:22-70
64    <uses-permission android:name="com.oppo.launcher.permission.READ_SETTINGS" />
64-->[me.leolin:ShortcutBadger:1.1.22] AndroidManifest.xml:45:5-82
64-->[me.leolin:ShortcutBadger:1.1.22] AndroidManifest.xml:45:22-79
65    <uses-permission android:name="com.oppo.launcher.permission.WRITE_SETTINGS" /> <!-- for EvMe -->
65-->[me.leolin:ShortcutBadger:1.1.22] AndroidManifest.xml:46:5-83
65-->[me.leolin:ShortcutBadger:1.1.22] AndroidManifest.xml:46:22-80
66    <uses-permission android:name="me.everything.badger.permission.BADGE_COUNT_READ" />
66-->[me.leolin:ShortcutBadger:1.1.22] AndroidManifest.xml:49:5-88
66-->[me.leolin:ShortcutBadger:1.1.22] AndroidManifest.xml:49:22-85
67    <uses-permission android:name="me.everything.badger.permission.BADGE_COUNT_WRITE" /> <!-- Don't require camera, as this requires a rear camera. This allows it to work on the Nexus 7 -->
67-->[me.leolin:ShortcutBadger:1.1.22] AndroidManifest.xml:50:5-89
67-->[me.leolin:ShortcutBadger:1.1.22] AndroidManifest.xml:50:22-86
68    <uses-feature
68-->[com.journeyapps:zxing-android-embedded:4.3.0] AndroidManifest.xml:25:5-27:36
69        android:name="android.hardware.camera"
69-->[com.journeyapps:zxing-android-embedded:4.3.0] AndroidManifest.xml:26:9-47
70        android:required="false" />
70-->[com.journeyapps:zxing-android-embedded:4.3.0] AndroidManifest.xml:27:9-33
71    <uses-feature
71-->[com.journeyapps:zxing-android-embedded:4.3.0] AndroidManifest.xml:28:5-30:36
72        android:name="android.hardware.camera.front"
72-->[com.journeyapps:zxing-android-embedded:4.3.0] AndroidManifest.xml:29:9-53
73        android:required="false" /> <!-- TODO replace above two with next line after Android 4.2 -->
73-->[com.journeyapps:zxing-android-embedded:4.3.0] AndroidManifest.xml:30:9-33
74    <!-- <uses-feature android:name="android.hardware.camera.any"/> -->
75    <uses-feature
75-->[com.journeyapps:zxing-android-embedded:4.3.0] AndroidManifest.xml:33:5-35:36
76        android:name="android.hardware.camera.autofocus"
76-->[com.journeyapps:zxing-android-embedded:4.3.0] AndroidManifest.xml:34:9-57
77        android:required="false" />
77-->[com.journeyapps:zxing-android-embedded:4.3.0] AndroidManifest.xml:35:9-33
78    <uses-feature
78-->[com.journeyapps:zxing-android-embedded:4.3.0] AndroidManifest.xml:36:5-38:36
79        android:name="android.hardware.camera.flash"
79-->[com.journeyapps:zxing-android-embedded:4.3.0] AndroidManifest.xml:37:9-53
80        android:required="false" />
80-->[com.journeyapps:zxing-android-embedded:4.3.0] AndroidManifest.xml:38:9-33
81    <uses-feature
81-->[com.journeyapps:zxing-android-embedded:4.3.0] AndroidManifest.xml:39:5-41:36
82        android:name="android.hardware.screen.landscape"
82-->[com.journeyapps:zxing-android-embedded:4.3.0] AndroidManifest.xml:40:9-57
83        android:required="false" />
83-->[com.journeyapps:zxing-android-embedded:4.3.0] AndroidManifest.xml:41:9-33
84    <uses-feature
84-->[com.journeyapps:zxing-android-embedded:4.3.0] AndroidManifest.xml:42:5-44:36
85        android:name="android.hardware.wifi"
85-->[com.journeyapps:zxing-android-embedded:4.3.0] AndroidManifest.xml:43:9-45
86        android:required="false" />
86-->[com.journeyapps:zxing-android-embedded:4.3.0] AndroidManifest.xml:44:9-33
87
88    <application
89        android:name="android.app.Application"
90        android:appComponentFactory="androidx.core.app.CoreComponentFactory"
90-->[androidx.core:core:1.13.0] AndroidManifest.xml:28:18-86
91        android:debuggable="true"
92        android:icon="@mipmap/ic_launcher"
93        android:label="mr_driver_app" >
94        <activity
95            android:name="com.example.mr_driver_app.MainActivity"
96            android:configChanges="orientation|keyboardHidden|keyboard|screenSize|smallestScreenSize|locale|layoutDirection|fontScale|screenLayout|density|uiMode"
97            android:exported="true"
98            android:hardwareAccelerated="true"
99            android:launchMode="singleTop"
100            android:taskAffinity=""
101            android:theme="@style/LaunchTheme"
102            android:windowSoftInputMode="adjustResize" >
103
104            <!--
105                 Specifies an Android theme to apply to this Activity as soon as
106                 the Android process has started. This theme is visible to the user
107                 while the Flutter UI initializes. After that, this theme continues
108                 to determine the Window background behind the Flutter UI.
109            -->
110            <meta-data
111                android:name="io.flutter.embedding.android.NormalTheme"
112                android:resource="@style/NormalTheme" />
113
114            <intent-filter>
115                <action android:name="android.intent.action.MAIN" />
116
117                <category android:name="android.intent.category.LAUNCHER" />
118            </intent-filter>
119        </activity>
120        <!--
121             Don't delete the meta-data below.
122             This is used by the Flutter tool to generate GeneratedPluginRegistrant.java
123        -->
124        <meta-data
125            android:name="flutterEmbedding"
126            android:value="2" />
127
128        <service
128-->[:firebase_app_installations] AndroidManifest.xml:10:9-14:19
129            android:name="com.google.firebase.components.ComponentDiscoveryService"
129-->[:firebase_app_installations] AndroidManifest.xml:10:18-89
130            android:directBootAware="true"
130-->[com.google.firebase:firebase-common:20.4.3] AndroidManifest.xml:32:13-43
131            android:exported="false" >
131-->[com.google.firebase:firebase-installations:17.2.0] AndroidManifest.xml:14:13-37
132            <meta-data
132-->[:firebase_app_installations] AndroidManifest.xml:11:13-13:85
133                android:name="com.google.firebase.components:io.flutter.plugins.firebase.installations.firebase_app_installations.FlutterFirebaseAppRegistrar"
133-->[:firebase_app_installations] AndroidManifest.xml:12:17-159
134                android:value="com.google.firebase.components.ComponentRegistrar" />
134-->[:firebase_app_installations] AndroidManifest.xml:13:17-82
135            <meta-data
135-->[:firebase_core] AndroidManifest.xml:11:13-13:85
136                android:name="com.google.firebase.components:io.flutter.plugins.firebase.core.FlutterFirebaseCoreRegistrar"
136-->[:firebase_core] AndroidManifest.xml:12:17-124
137                android:value="com.google.firebase.components.ComponentRegistrar" />
137-->[:firebase_core] AndroidManifest.xml:13:17-82
138            <meta-data
138-->[com.google.firebase:firebase-installations:17.2.0] AndroidManifest.xml:15:13-17:85
139                android:name="com.google.firebase.components:com.google.firebase.installations.FirebaseInstallationsKtxRegistrar"
139-->[com.google.firebase:firebase-installations:17.2.0] AndroidManifest.xml:16:17-130
140                android:value="com.google.firebase.components.ComponentRegistrar" />
140-->[com.google.firebase:firebase-installations:17.2.0] AndroidManifest.xml:17:17-82
141            <meta-data
141-->[com.google.firebase:firebase-installations:17.2.0] AndroidManifest.xml:18:13-20:85
142                android:name="com.google.firebase.components:com.google.firebase.installations.FirebaseInstallationsRegistrar"
142-->[com.google.firebase:firebase-installations:17.2.0] AndroidManifest.xml:19:17-127
143                android:value="com.google.firebase.components.ComponentRegistrar" />
143-->[com.google.firebase:firebase-installations:17.2.0] AndroidManifest.xml:20:17-82
144            <meta-data
144-->[com.google.firebase:firebase-common-ktx:20.4.3] AndroidManifest.xml:12:13-14:85
145                android:name="com.google.firebase.components:com.google.firebase.ktx.FirebaseCommonLegacyRegistrar"
145-->[com.google.firebase:firebase-common-ktx:20.4.3] AndroidManifest.xml:13:17-116
146                android:value="com.google.firebase.components.ComponentRegistrar" />
146-->[com.google.firebase:firebase-common-ktx:20.4.3] AndroidManifest.xml:14:17-82
147            <meta-data
147-->[com.google.firebase:firebase-common:20.4.3] AndroidManifest.xml:35:13-37:85
148                android:name="com.google.firebase.components:com.google.firebase.FirebaseCommonKtxRegistrar"
148-->[com.google.firebase:firebase-common:20.4.3] AndroidManifest.xml:36:17-109
149                android:value="com.google.firebase.components.ComponentRegistrar" />
149-->[com.google.firebase:firebase-common:20.4.3] AndroidManifest.xml:37:17-82
150        </service>
151
152        <provider
152-->[:image_picker_android] AndroidManifest.xml:11:9-19:20
153            android:name="io.flutter.plugins.imagepicker.ImagePickerFileProvider"
153-->[:image_picker_android] AndroidManifest.xml:12:13-82
154            android:authorities="com.example.mr_driver_app.flutter.image_provider"
154-->[:image_picker_android] AndroidManifest.xml:13:13-74
155            android:exported="false"
155-->[:image_picker_android] AndroidManifest.xml:14:13-37
156            android:grantUriPermissions="true" >
156-->[:image_picker_android] AndroidManifest.xml:15:13-47
157            <meta-data
157-->[:image_picker_android] AndroidManifest.xml:16:13-18:75
158                android:name="android.support.FILE_PROVIDER_PATHS"
158-->[:image_picker_android] AndroidManifest.xml:17:17-67
159                android:resource="@xml/flutter_image_picker_file_paths" />
159-->[:image_picker_android] AndroidManifest.xml:18:17-72
160        </provider> <!-- Trigger Google Play services to install the backported photo picker module. -->
161        <service
161-->[:image_picker_android] AndroidManifest.xml:21:9-33:19
162            android:name="com.google.android.gms.metadata.ModuleDependencies"
162-->[:image_picker_android] AndroidManifest.xml:22:13-78
163            android:enabled="false"
163-->[:image_picker_android] AndroidManifest.xml:23:13-36
164            android:exported="false" >
164-->[:image_picker_android] AndroidManifest.xml:24:13-37
165            <intent-filter>
165-->[:image_picker_android] AndroidManifest.xml:26:13-28:29
166                <action android:name="com.google.android.gms.metadata.MODULE_DEPENDENCIES" />
166-->[:image_picker_android] AndroidManifest.xml:27:17-94
166-->[:image_picker_android] AndroidManifest.xml:27:25-91
167            </intent-filter>
168
169            <meta-data
169-->[:image_picker_android] AndroidManifest.xml:30:13-32:36
170                android:name="photopicker_activity:0:required"
170-->[:image_picker_android] AndroidManifest.xml:31:17-63
171                android:value="" />
171-->[:image_picker_android] AndroidManifest.xml:32:17-33
172        </service>
173        <service
173-->[:geolocator_android] AndroidManifest.xml:10:9-14:56
174            android:name="com.baseflow.geolocator.GeolocatorLocationService"
174-->[:geolocator_android] AndroidManifest.xml:11:13-77
175            android:enabled="true"
175-->[:geolocator_android] AndroidManifest.xml:12:13-35
176            android:exported="false"
176-->[:geolocator_android] AndroidManifest.xml:13:13-37
177            android:foregroundServiceType="location" />
177-->[:geolocator_android] AndroidManifest.xml:14:13-53
178        <!--
179           Declares a provider which allows us to store files to share in
180           '.../caches/share_plus' and grant the receiving action access
181        -->
182        <provider
182-->[:share_plus] AndroidManifest.xml:15:9-23:20
183            android:name="dev.fluttercommunity.plus.share.ShareFileProvider"
183-->[:share_plus] AndroidManifest.xml:16:13-77
184            android:authorities="com.example.mr_driver_app.flutter.share_provider"
184-->[:share_plus] AndroidManifest.xml:17:13-74
185            android:exported="false"
185-->[:share_plus] AndroidManifest.xml:18:13-37
186            android:grantUriPermissions="true" >
186-->[:share_plus] AndroidManifest.xml:19:13-47
187            <meta-data
187-->[:image_picker_android] AndroidManifest.xml:16:13-18:75
188                android:name="android.support.FILE_PROVIDER_PATHS"
188-->[:image_picker_android] AndroidManifest.xml:17:17-67
189                android:resource="@xml/flutter_share_file_paths" />
189-->[:image_picker_android] AndroidManifest.xml:18:17-72
190        </provider>
191        <!--
192           This manifest declared broadcast receiver allows us to use an explicit
193           Intent when creating a PendingItent to be informed of the user's choice
194        -->
195        <receiver
195-->[:share_plus] AndroidManifest.xml:28:9-34:20
196            android:name="dev.fluttercommunity.plus.share.SharePlusPendingIntent"
196-->[:share_plus] AndroidManifest.xml:29:13-82
197            android:exported="false" >
197-->[:share_plus] AndroidManifest.xml:30:13-37
198            <intent-filter>
198-->[:share_plus] AndroidManifest.xml:31:13-33:29
199                <action android:name="EXTRA_CHOSEN_COMPONENT" />
199-->[:share_plus] AndroidManifest.xml:32:17-65
199-->[:share_plus] AndroidManifest.xml:32:25-62
200            </intent-filter>
201        </receiver>
202
203        <activity
203-->[:url_launcher_android] AndroidManifest.xml:10:9-13:74
204            android:name="io.flutter.plugins.urllauncher.WebViewActivity"
204-->[:url_launcher_android] AndroidManifest.xml:11:13-74
205            android:exported="false"
205-->[:url_launcher_android] AndroidManifest.xml:12:13-37
206            android:theme="@android:style/Theme.NoTitleBar.Fullscreen" />
206-->[:url_launcher_android] AndroidManifest.xml:13:13-71
207
208        <uses-library
208-->[androidx.window:window:1.0.0-beta04] AndroidManifest.xml:25:9-27:40
209            android:name="androidx.window.extensions"
209-->[androidx.window:window:1.0.0-beta04] AndroidManifest.xml:26:13-54
210            android:required="false" />
210-->[androidx.window:window:1.0.0-beta04] AndroidManifest.xml:27:13-37
211        <uses-library
211-->[androidx.window:window:1.0.0-beta04] AndroidManifest.xml:28:9-30:40
212            android:name="androidx.window.sidecar"
212-->[androidx.window:window:1.0.0-beta04] AndroidManifest.xml:29:13-51
213            android:required="false" />
213-->[androidx.window:window:1.0.0-beta04] AndroidManifest.xml:30:13-37
214
215        <provider
215-->[com.google.firebase:firebase-common:20.4.3] AndroidManifest.xml:23:9-28:39
216            android:name="com.google.firebase.provider.FirebaseInitProvider"
216-->[com.google.firebase:firebase-common:20.4.3] AndroidManifest.xml:24:13-77
217            android:authorities="com.example.mr_driver_app.firebaseinitprovider"
217-->[com.google.firebase:firebase-common:20.4.3] AndroidManifest.xml:25:13-72
218            android:directBootAware="true"
218-->[com.google.firebase:firebase-common:20.4.3] AndroidManifest.xml:26:13-43
219            android:exported="false"
219-->[com.google.firebase:firebase-common:20.4.3] AndroidManifest.xml:27:13-37
220            android:initOrder="100" /> <!-- Needs to be explicitly declared on P+ -->
220-->[com.google.firebase:firebase-common:20.4.3] AndroidManifest.xml:28:13-36
221        <uses-library
221-->[com.google.android.gms:play-services-maps:18.2.0] AndroidManifest.xml:39:9-41:40
222            android:name="org.apache.http.legacy"
222-->[com.google.android.gms:play-services-maps:18.2.0] AndroidManifest.xml:40:13-50
223            android:required="false" />
223-->[com.google.android.gms:play-services-maps:18.2.0] AndroidManifest.xml:41:13-37
224
225        <activity
225-->[com.google.android.gms:play-services-base:18.3.0] AndroidManifest.xml:20:9-22:45
226            android:name="com.google.android.gms.common.api.GoogleApiActivity"
226-->[com.google.android.gms:play-services-base:18.3.0] AndroidManifest.xml:20:19-85
227            android:exported="false"
227-->[com.google.android.gms:play-services-base:18.3.0] AndroidManifest.xml:22:19-43
228            android:theme="@android:style/Theme.Translucent.NoTitleBar" />
228-->[com.google.android.gms:play-services-base:18.3.0] AndroidManifest.xml:21:19-78
229
230        <meta-data
230-->[com.google.android.gms:play-services-basement:18.3.0] AndroidManifest.xml:21:9-23:69
231            android:name="com.google.android.gms.version"
231-->[com.google.android.gms:play-services-basement:18.3.0] AndroidManifest.xml:22:13-58
232            android:value="@integer/google_play_services_version" />
232-->[com.google.android.gms:play-services-basement:18.3.0] AndroidManifest.xml:23:13-66
233
234        <provider
234-->[androidx.emoji2:emoji2:1.0.0] AndroidManifest.xml:26:9-34:20
235            android:name="androidx.startup.InitializationProvider"
235-->[androidx.emoji2:emoji2:1.0.0] AndroidManifest.xml:27:13-67
236            android:authorities="com.example.mr_driver_app.androidx-startup"
236-->[androidx.emoji2:emoji2:1.0.0] AndroidManifest.xml:28:13-68
237            android:exported="false" >
237-->[androidx.emoji2:emoji2:1.0.0] AndroidManifest.xml:29:13-37
238            <meta-data
238-->[androidx.emoji2:emoji2:1.0.0] AndroidManifest.xml:31:13-33:52
239                android:name="androidx.emoji2.text.EmojiCompatInitializer"
239-->[androidx.emoji2:emoji2:1.0.0] AndroidManifest.xml:32:17-75
240                android:value="androidx.startup" />
240-->[androidx.emoji2:emoji2:1.0.0] AndroidManifest.xml:33:17-49
241            <meta-data
241-->[androidx.lifecycle:lifecycle-process:2.6.2] AndroidManifest.xml:29:13-31:52
242                android:name="androidx.lifecycle.ProcessLifecycleInitializer"
242-->[androidx.lifecycle:lifecycle-process:2.6.2] AndroidManifest.xml:30:17-78
243                android:value="androidx.startup" />
243-->[androidx.lifecycle:lifecycle-process:2.6.2] AndroidManifest.xml:31:17-49
244            <meta-data
244-->[androidx.profileinstaller:profileinstaller:1.3.0] AndroidManifest.xml:29:13-31:52
245                android:name="androidx.profileinstaller.ProfileInstallerInitializer"
245-->[androidx.profileinstaller:profileinstaller:1.3.0] AndroidManifest.xml:30:17-85
246                android:value="androidx.startup" />
246-->[androidx.profileinstaller:profileinstaller:1.3.0] AndroidManifest.xml:31:17-49
247        </provider>
248
249        <receiver
249-->[androidx.profileinstaller:profileinstaller:1.3.0] AndroidManifest.xml:34:9-52:20
250            android:name="androidx.profileinstaller.ProfileInstallReceiver"
250-->[androidx.profileinstaller:profileinstaller:1.3.0] AndroidManifest.xml:35:13-76
251            android:directBootAware="false"
251-->[androidx.profileinstaller:profileinstaller:1.3.0] AndroidManifest.xml:36:13-44
252            android:enabled="true"
252-->[androidx.profileinstaller:profileinstaller:1.3.0] AndroidManifest.xml:37:13-35
253            android:exported="true"
253-->[androidx.profileinstaller:profileinstaller:1.3.0] AndroidManifest.xml:38:13-36
254            android:permission="android.permission.DUMP" >
254-->[androidx.profileinstaller:profileinstaller:1.3.0] AndroidManifest.xml:39:13-57
255            <intent-filter>
255-->[androidx.profileinstaller:profileinstaller:1.3.0] AndroidManifest.xml:40:13-42:29
256                <action android:name="androidx.profileinstaller.action.INSTALL_PROFILE" />
256-->[androidx.profileinstaller:profileinstaller:1.3.0] AndroidManifest.xml:41:17-91
256-->[androidx.profileinstaller:profileinstaller:1.3.0] AndroidManifest.xml:41:25-88
257            </intent-filter>
258            <intent-filter>
258-->[androidx.profileinstaller:profileinstaller:1.3.0] AndroidManifest.xml:43:13-45:29
259                <action android:name="androidx.profileinstaller.action.SKIP_FILE" />
259-->[androidx.profileinstaller:profileinstaller:1.3.0] AndroidManifest.xml:44:17-85
259-->[androidx.profileinstaller:profileinstaller:1.3.0] AndroidManifest.xml:44:25-82
260            </intent-filter>
261            <intent-filter>
261-->[androidx.profileinstaller:profileinstaller:1.3.0] AndroidManifest.xml:46:13-48:29
262                <action android:name="androidx.profileinstaller.action.SAVE_PROFILE" />
262-->[androidx.profileinstaller:profileinstaller:1.3.0] AndroidManifest.xml:47:17-88
262-->[androidx.profileinstaller:profileinstaller:1.3.0] AndroidManifest.xml:47:25-85
263            </intent-filter>
264            <intent-filter>
264-->[androidx.profileinstaller:profileinstaller:1.3.0] AndroidManifest.xml:49:13-51:29
265                <action android:name="androidx.profileinstaller.action.BENCHMARK_OPERATION" />
265-->[androidx.profileinstaller:profileinstaller:1.3.0] AndroidManifest.xml:50:17-95
265-->[androidx.profileinstaller:profileinstaller:1.3.0] AndroidManifest.xml:50:25-92
266            </intent-filter>
267        </receiver>
268
269        <meta-data
269-->[com.huawei.hms:scanplus:2.1.0.300] AndroidManifest.xml:14:9-16:40
270            android:name="huawei_module_scankit_local"
270-->[com.huawei.hms:scanplus:2.1.0.300] AndroidManifest.xml:15:13-55
271            android:value="20100300" />
271-->[com.huawei.hms:scanplus:2.1.0.300] AndroidManifest.xml:16:13-37
272        <meta-data
272-->[com.huawei.hms:scanplus:2.1.0.300] AndroidManifest.xml:17:9-19:50
273            android:name="huawei_module_scankit_sdk_version"
273-->[com.huawei.hms:scanplus:2.1.0.300] AndroidManifest.xml:18:13-61
274            android:value="scanplus:2.1.0.300" />
274-->[com.huawei.hms:scanplus:2.1.0.300] AndroidManifest.xml:19:13-47
275        <meta-data
275-->[com.huawei.hms:scanplus:2.1.0.300] AndroidManifest.xml:20:9-22:50
276            android:name="com.huawei.hms.client.service.name:scanplus"
276-->[com.huawei.hms:scanplus:2.1.0.300] AndroidManifest.xml:21:13-71
277            android:value="scanplus:2.1.0.300" />
277-->[com.huawei.hms:scanplus:2.1.0.300] AndroidManifest.xml:22:13-47
278        <meta-data
278-->[com.huawei.hms:scanplus:2.1.0.300] AndroidManifest.xml:23:9-25:33
279            android:name="com.huawei.hms.min_api_level:scanplus:huawei_module_scankit"
279-->[com.huawei.hms:scanplus:2.1.0.300] AndroidManifest.xml:24:13-87
280            android:value="1" />
280-->[com.huawei.hms:scanplus:2.1.0.300] AndroidManifest.xml:25:13-30
281        <meta-data
281-->[com.huawei.hms:scanplus:2.1.0.300] AndroidManifest.xml:26:9-28:33
282            android:name="com.huawei.hms.min_api_level:scanplus:hmscore"
282-->[com.huawei.hms:scanplus:2.1.0.300] AndroidManifest.xml:27:13-73
283            android:value="1" />
283-->[com.huawei.hms:scanplus:2.1.0.300] AndroidManifest.xml:28:13-30
284
285        <activity android:name="com.huawei.hms.hmsscankit.ScanKitActivity" />
285-->[com.huawei.hms:scanplus:2.1.0.300] AndroidManifest.xml:30:9-78
285-->[com.huawei.hms:scanplus:2.1.0.300] AndroidManifest.xml:30:19-75
286        <activity
286-->[com.journeyapps:zxing-android-embedded:4.3.0] AndroidManifest.xml:47:9-53:63
287            android:name="com.journeyapps.barcodescanner.CaptureActivity"
287-->[com.journeyapps:zxing-android-embedded:4.3.0] AndroidManifest.xml:48:13-74
288            android:clearTaskOnLaunch="true"
288-->[com.journeyapps:zxing-android-embedded:4.3.0] AndroidManifest.xml:49:13-45
289            android:screenOrientation="sensorLandscape"
289-->[com.journeyapps:zxing-android-embedded:4.3.0] AndroidManifest.xml:50:13-56
290            android:stateNotNeeded="true"